[debug] [2021-03-19T04:27:50.558Z] ----------------------------------------------------------------------
[debug] [2021-03-19T04:27:50.560Z] Command:       /usr/local/lib/node_modules/node/bin/node /usr/local/bin/firebase deploy --only functions
[debug] [2021-03-19T04:27:50.560Z] CLI Version:   9.6.1
[debug] [2021-03-19T04:27:50.560Z] Platform:      linux
[debug] [2021-03-19T04:27:50.560Z] Node Version:  v15.10.0
[debug] [2021-03-19T04:27:50.561Z] Time:          Fri Mar 19 2021 15:27:50 GMT+1100 (Australian Eastern Daylight Time)
[debug] [2021-03-19T04:27:50.561Z] ----------------------------------------------------------------------
[debug] [2021-03-19T04:27:50.561Z] 
[debug] [2021-03-19T04:27:50.566Z] > command requires scopes: ["email","openid","https://www.googleapis.com/auth/cloudplatformprojects.readonly","https://www.googleapis.com/auth/firebase","https://www.googleapis.com/auth/cloud-platform"]
[debug] [2021-03-19T04:27:50.567Z] > authorizing via signed-in user
[debug] [2021-03-19T04:27:50.567Z] [iam] checking project samanthaclarke-portfolio for permissions ["cloudfunctions.functions.create","cloudfunctions.functions.delete","cloudfunctions.functions.get","cloudfunctions.functions.list","cloudfunctions.functions.update","cloudfunctions.operations.get","firebase.projects.get"]
[debug] [2021-03-19T04:27:50.569Z] >>> HTTP REQUEST POST https://cloudresourcemanager.googleapis.com/v1/projects/samanthaclarke-portfolio:testIamPermissions  
 {"permissions":["cloudfunctions.functions.create","cloudfunctions.functions.delete","cloudfunctions.functions.get","cloudfunctions.functions.list","cloudfunctions.functions.update","cloudfunctions.operations.get","firebase.projects.get"]}
[debug] [2021-03-19T04:27:51.104Z] <<< HTTP RESPONSE 200 {"content-type":"application/json; charset=UTF-8","vary":"X-Origin, Referer, Origin,Accept-Encoding","date":"Fri, 19 Mar 2021 04:27:51 GMT","server":"ESF","cache-control":"private","x-xss-protection":"0","x-frame-options":"SAMEORIGIN","x-content-type-options":"nosniff","server-timing":"gfet4t7; dur=191","alt-svc":"h3-29=\":443\"; ma=2592000,h3-T051=\":443\"; ma=2592000,h3-Q050=\":443\"; ma=2592000,h3-Q046=\":443\"; ma=2592000,h3-Q043=\":443\"; ma=2592000,quic=\":443\"; ma=2592000; v=\"46,43\"","accept-ranges":"none","transfer-encoding":"chunked"}
[debug] [2021-03-19T04:27:51.108Z] >>> HTTP REQUEST POST https://iam.googleapis.com/v1/projects/samanthaclarke-portfolio/serviceAccounts/samanthaclarke-portfolio@appspot.gserviceaccount.com:testIamPermissions  
 {"permissions":["iam.serviceAccounts.actAs"]}
[debug] [2021-03-19T04:27:51.638Z] <<< HTTP RESPONSE 200 {"content-type":"application/json; charset=UTF-8","vary":"X-Origin, Referer, Origin,Accept-Encoding","date":"Fri, 19 Mar 2021 04:27:51 GMT","server":"ESF","cache-control":"private","x-xss-protection":"0","x-frame-options":"SAMEORIGIN","x-content-type-options":"nosniff","alt-svc":"h3-29=\":443\"; ma=2592000,h3-T051=\":443\"; ma=2592000,h3-Q050=\":443\"; ma=2592000,h3-Q046=\":443\"; ma=2592000,h3-Q043=\":443\"; ma=2592000,quic=\":443\"; ma=2592000; v=\"46,43\"","accept-ranges":"none","transfer-encoding":"chunked"}
[info] 
[info] === Deploying to 'samanthaclarke-portfolio'...
[info] 
[info] i  deploying functions 
[info] Running command: npm --prefix "$RESOURCE_DIR" run lint
[info] Running command: npm --prefix "$RESOURCE_DIR" run build
[info] ✔  functions: Finished running predeploy script. 
[info] i  functions: ensuring required API cloudfunctions.googleapis.com is enabled... 
[info] i  functions: ensuring required API cloudbuild.googleapis.com is enabled... 
[debug] [2021-03-19T04:28:24.919Z] >>> HTTP REQUEST GET https://serviceusage.googleapis.com/v1/projects/samanthaclarke-portfolio/services/cloudfunctions.googleapis.com  
 
[debug] [2021-03-19T04:28:24.920Z] >>> HTTP REQUEST GET https://serviceusage.googleapis.com/v1/projects/samanthaclarke-portfolio/services/runtimeconfig.googleapis.com  
 
[debug] [2021-03-19T04:28:24.920Z] >>> HTTP REQUEST GET https://serviceusage.googleapis.com/v1/projects/samanthaclarke-portfolio/services/cloudbuild.googleapis.com  
 
[debug] [2021-03-19T04:28:26.416Z] <<< HTTP RESPONSE 200 {"content-type":"application/json; charset=UTF-8","vary":"X-Origin, Referer, Origin,Accept-Encoding","date":"Fri, 19 Mar 2021 04:28:26 GMT","server":"ESF","cache-control":"private","x-xss-protection":"0","x-frame-options":"SAMEORIGIN","x-content-type-options":"nosniff","alt-svc":"h3-29=\":443\"; ma=2592000,h3-T051=\":443\"; ma=2592000,h3-Q050=\":443\"; ma=2592000,h3-Q046=\":443\"; ma=2592000,h3-Q043=\":443\"; ma=2592000,quic=\":443\"; ma=2592000; v=\"46,43\"","accept-ranges":"none","transfer-encoding":"chunked"}
[debug] [2021-03-19T04:28:26.467Z] <<< HTTP RESPONSE 200 {"content-type":"application/json; charset=UTF-8","vary":"X-Origin, Referer, Origin,Accept-Encoding","date":"Fri, 19 Mar 2021 04:28:26 GMT","server":"ESF","cache-control":"private","x-xss-protection":"0","x-frame-options":"SAMEORIGIN","x-content-type-options":"nosniff","alt-svc":"h3-29=\":443\"; ma=2592000,h3-T051=\":443\"; ma=2592000,h3-Q050=\":443\"; ma=2592000,h3-Q046=\":443\"; ma=2592000,h3-Q043=\":443\"; ma=2592000,quic=\":443\"; ma=2592000; v=\"46,43\"","accept-ranges":"none","transfer-encoding":"chunked"}
[info] ✔  functions: required API cloudfunctions.googleapis.com is enabled 
[debug] [2021-03-19T04:28:26.612Z] <<< HTTP RESPONSE 200 {"content-type":"application/json; charset=UTF-8","vary":"X-Origin, Referer, Origin,Accept-Encoding","date":"Fri, 19 Mar 2021 04:28:26 GMT","server":"ESF","cache-control":"private","x-xss-protection":"0","x-frame-options":"SAMEORIGIN","x-content-type-options":"nosniff","alt-svc":"h3-29=\":443\"; ma=2592000,h3-T051=\":443\"; ma=2592000,h3-Q050=\":443\"; ma=2592000,h3-Q046=\":443\"; ma=2592000,h3-Q043=\":443\"; ma=2592000,quic=\":443\"; ma=2592000; v=\"46,43\"","accept-ranges":"none","transfer-encoding":"chunked"}
[info] ✔  functions: required API cloudbuild.googleapis.com is enabled 
[debug] [2021-03-19T04:28:26.614Z] >>> HTTP REQUEST GET https://firebase.googleapis.com/v1beta1/projects/samanthaclarke-portfolio/adminSdkConfig  
 
[debug] [2021-03-19T04:28:27.412Z] <<< HTTP RESPONSE 200 {"content-type":"application/json; charset=UTF-8","vary":"X-Origin, Referer, Origin,Accept-Encoding","date":"Fri, 19 Mar 2021 04:28:27 GMT","server":"ESF","cache-control":"private","x-xss-protection":"0","x-frame-options":"SAMEORIGIN","x-content-type-options":"nosniff","alt-svc":"h3-29=\":443\"; ma=2592000,h3-T051=\":443\"; ma=2592000,h3-Q050=\":443\"; ma=2592000,h3-Q046=\":443\"; ma=2592000,h3-Q043=\":443\"; ma=2592000,quic=\":443\"; ma=2592000; v=\"46,43\"","accept-ranges":"none","transfer-encoding":"chunked"}
[info] i  functions: preparing functions directory for uploading... 
[debug] [2021-03-19T04:28:27.415Z] >>> HTTP REQUEST GET https://runtimeconfig.googleapis.com/v1beta1/projects/samanthaclarke-portfolio/configs  
 
[debug] [2021-03-19T04:28:29.082Z] <<< HTTP RESPONSE 200 {"content-type":"application/json; charset=UTF-8","vary":"X-Origin, Referer, Origin,Accept-Encoding","date":"Fri, 19 Mar 2021 04:28:28 GMT","server":"ESF","cache-control":"private","x-xss-protection":"0","x-frame-options":"SAMEORIGIN","x-content-type-options":"nosniff","alt-svc":"h3-29=\":443\"; ma=2592000,h3-T051=\":443\"; ma=2592000,h3-Q050=\":443\"; ma=2592000,h3-Q046=\":443\"; ma=2592000,h3-Q043=\":443\"; ma=2592000,quic=\":443\"; ma=2592000; v=\"46,43\"","accept-ranges":"none","transfer-encoding":"chunked"}
[info] i  functions: packaged functions (106.23 KB) for uploading 
[debug] [2021-03-19T04:28:29.990Z] > [functions] package.json contents: {
  "name": "functions",
  "scripts": {
    "lint": "eslint --ext .js,.ts .",
    "lintandfix": "eslint --ext .js,.ts . --fix",
    "build": "tsc",
    "serve": "npm run build && firebase emulators:start --only functions",
    "shell": "npm run build && firebase functions:shell",
    "start": "npm run shell",
    "deploy": "firebase deploy --only functions",
    "logs": "firebase functions:log"
  },
  "engines": {
    "node": "12"
  },
  "main": "lib/index.js",
  "dependencies": {
    "@types/nodemailer": "^6.4.1",
    "firebase-admin": "^9.2.0",
    "firebase-functions": "^3.11.0",
    "googleapis": "^68.0.0",
    "nodemailer": "^6.5.0",
    "npm": "^7.6.3"
  },
  "devDependencies": {
    "@typescript-eslint/eslint-plugin": "^3.10.1",
    "@typescript-eslint/parser": "^3.8.0",
    "eslint-config-google": "^0.14.0",
    "eslint-plugin-import": "^2.22.0",
    "firebase-functions-test": "^0.2.0",
    "typescript": "^3.8.0"
  },
  "private": true
}
[debug] [2021-03-19T04:28:29.992Z] >>> HTTP REQUEST GET https://cloudfunctions.googleapis.com/v1/projects/samanthaclarke-portfolio/locations/-/functions  
 
[debug] [2021-03-19T04:28:30.990Z] <<< HTTP RESPONSE 200 {"content-type":"application/json; charset=UTF-8","vary":"X-Origin, Referer, Origin,Accept-Encoding","date":"Fri, 19 Mar 2021 04:28:30 GMT","server":"ESF","cache-control":"private","x-xss-protection":"0","x-frame-options":"SAMEORIGIN","x-content-type-options":"nosniff","alt-svc":"h3-29=\":443\"; ma=2592000,h3-T051=\":443\"; ma=2592000,h3-Q050=\":443\"; ma=2592000,h3-Q046=\":443\"; ma=2592000,h3-Q043=\":443\"; ma=2592000,quic=\":443\"; ma=2592000; v=\"46,43\"","accept-ranges":"none","transfer-encoding":"chunked"}
[debug] [2021-03-19T04:28:30.991Z] [functions] found 1 new HTTP functions, testing setIamPolicy permission...
[debug] [2021-03-19T04:28:30.991Z] >>> HTTP REQUEST POST https://cloudresourcemanager.googleapis.com/v1/projects/samanthaclarke-portfolio:testIamPermissions  
 {"permissions":["cloudfunctions.functions.setIamPolicy"]}
[debug] [2021-03-19T04:28:31.545Z] <<< HTTP RESPONSE 200 {"content-type":"application/json; charset=UTF-8","vary":"X-Origin, Referer, Origin,Accept-Encoding","date":"Fri, 19 Mar 2021 04:28:31 GMT","server":"ESF","cache-control":"private","x-xss-protection":"0","x-frame-options":"SAMEORIGIN","x-content-type-options":"nosniff","server-timing":"gfet4t7; dur=200","alt-svc":"h3-29=\":443\"; ma=2592000,h3-T051=\":443\"; ma=2592000,h3-Q050=\":443\"; ma=2592000,h3-Q046=\":443\"; ma=2592000,h3-Q043=\":443\"; ma=2592000,quic=\":443\"; ma=2592000; v=\"46,43\"","accept-ranges":"none","transfer-encoding":"chunked"}
[debug] [2021-03-19T04:28:31.546Z] [functions] found setIamPolicy permission, proceeding with deploy
[debug] [2021-03-19T04:28:31.547Z] >>> HTTP REQUEST POST https://cloudfunctions.googleapis.com/v1/projects/samanthaclarke-portfolio/locations/us-central1/functions:generateUploadUrl  
 
[debug] [2021-03-19T04:28:32.619Z] <<< HTTP RESPONSE 200 {"content-type":"application/json; charset=UTF-8","vary":"X-Origin, Referer, Origin,Accept-Encoding","date":"Fri, 19 Mar 2021 04:28:32 GMT","server":"ESF","cache-control":"private","x-xss-protection":"0","x-frame-options":"SAMEORIGIN","x-content-type-options":"nosniff","alt-svc":"h3-29=\":443\"; ma=2592000,h3-T051=\":443\"; ma=2592000,h3-Q050=\":443\"; ma=2592000,h3-Q046=\":443\"; ma=2592000,h3-Q043=\":443\"; ma=2592000,quic=\":443\"; ma=2592000; v=\"46,43\"","accept-ranges":"none","transfer-encoding":"chunked"}
[debug] [2021-03-19T04:28:32.620Z] >>> HTTP REQUEST PUT https://storage.googleapis.com/gcf-upload-us-central1-bd4e6713-d589-4669-815f-7966ba544101/ffce97f5-4893-456d-84aa-9f7493aacd1d.zip?GoogleAccessId=service-100508599802@gcf-admin-robot.iam.gserviceaccount.com&Expires=1616129912&Signature=OlHnF7vGnQqfX9d2N5yd84ZbuTyS9pd5vwXIf7TWJhUPE%2F9sAP%2F8WXo5HkJy9Nzpvl8WAOuIrDRefxI0gwjuDbV99zTqXtt1JwWxyHSexoADG%2BhcI62LnDPuXRNuyhQVV7YybK2O86D6vvb9TVu9nhOmq9vd%2Bft6UzHi0N5ywJWuTD%2BDJzLLHgLxY8H31%2B528lWFrzG02vjIrsU4l8JMj4C9ejJzfXNaw3pNxV3be%2FGsV%2BRAcGiWUEcXCGfjufcYrNeLLI8%2Fc46f3JX1%2FWb08BucsDogXYzUacqxyqG%2FfRWRz%2FIT7wBTgpjByBLTXCMZzMVa0HkjCz%2BrfLHOjDjTiA%3D%3D  
 <request body omitted>
[debug] [2021-03-19T04:28:33.351Z] <<< HTTP RESPONSE 200 {"x-guploader-uploadid":"ABg5-Uz-S7MA5O3_072DSNsgYG2jRpfUYmodkTRCG3Zxdhjcwuptv-2NnOtZ5DgPz1fzkfnk6x6kLD9c7B_68dk_SeM0NAQfzA","etag":"\"1b0809c9335d0b7f7be5d90adcd7e4e5\"","x-goog-generation":"1616128113261035","x-goog-metageneration":"1","x-goog-hash":"crc32c=823IHw==, md5=GwgJyTNdC3975dkK3Nfk5Q==","x-goog-stored-content-length":"108778","x-goog-stored-content-encoding":"identity","vary":"Origin","content-length":"0","date":"Fri, 19 Mar 2021 04:28:33 GMT","server":"UploadServer","content-type":"text/html; charset=UTF-8","alt-svc":"h3-29=\":443\"; ma=2592000,h3-T051=\":443\"; ma=2592000,h3-Q050=\":443\"; ma=2592000,h3-Q046=\":443\"; ma=2592000,h3-Q043=\":443\"; ma=2592000,quic=\":443\"; ma=2592000; v=\"46,43\""}
[info] ✔  functions: functions folder uploaded successfully 
[info] i  functions: creating Node.js 12 function sendemail(us-central1)... 
[debug] [2021-03-19T04:28:33.358Z] >>> HTTP REQUEST POST https://cloudfunctions.googleapis.com/v1/projects/samanthaclarke-portfolio/locations/us-central1/functions  
 {"sourceUploadUrl":"https://storage.googleapis.com/gcf-upload-us-central1-bd4e6713-d589-4669-815f-7966ba544101/ffce97f5-4893-456d-84aa-9f7493aacd1d.zip?GoogleAccessId=service-100508599802@gcf-admin-robot.iam.gserviceaccount.com&Expires=1616129912&Signature=OlHnF7vGnQqfX9d2N5yd84ZbuTyS9pd5vwXIf7TWJhUPE%2F9sAP%2F8WXo5HkJy9Nzpvl8WAOuIrDRefxI0gwjuDbV99zTqXtt1JwWxyHSexoADG%2BhcI62LnDPuXRNuyhQVV7YybK2O86D6vvb9TVu9nhOmq9vd%2Bft6UzHi0N5ywJWuTD%2BDJzLLHgLxY8H31%2B528lWFrzG02vjIrsU4l8JMj4C9ejJzfXNaw3pNxV3be%2FGsV%2BRAcGiWUEcXCGfjufcYrNeLLI8%2Fc46f3JX1%2FWb08BucsDogXYzUacqxyqG%2FfRWRz%2FIT7wBTgpjByBLTXCMZzMVa0HkjCz%2BrfLHOjDjTiA%3D%3D","name":"projects/samanthaclarke-portfolio/locations/us-central1/functions/sendemail","entryPoint":"sendemail","labels":{"deployment-tool":"cli-firebase","deployment-callable":"true"},"runtime":"nodejs12","environmentVariables":{"FIREBASE_CONFIG":"{\"projectId\":\"samanthaclarke-portfolio\",\"storageBucket\":\"samanthaclarke-portfolio.appspot.com\",\"locationId\":\"australia-southeast1\"}"},"httpsTrigger":{}}
[debug] [2021-03-19T04:28:34.546Z] <<< HTTP RESPONSE 200 {"content-type":"application/json; charset=UTF-8","vary":"X-Origin, Referer, Origin,Accept-Encoding","date":"Fri, 19 Mar 2021 04:28:34 GMT","server":"ESF","cache-control":"private","x-xss-protection":"0","x-frame-options":"SAMEORIGIN","x-content-type-options":"nosniff","alt-svc":"h3-29=\":443\"; ma=2592000,h3-T051=\":443\"; ma=2592000,h3-Q050=\":443\"; ma=2592000,h3-Q046=\":443\"; ma=2592000,h3-Q043=\":443\"; ma=2592000,quic=\":443\"; ma=2592000; v=\"46,43\"","accept-ranges":"none","transfer-encoding":"chunked"}
[debug] [2021-03-19T04:28:34.549Z] > refreshing access token with scopes: []
[debug] [2021-03-19T04:28:34.550Z] >>> HTTP REQUEST POST https://www.googleapis.com/oauth2/v3/token  
 <request body omitted>
[debug] [2021-03-19T04:28:34.882Z] <<< HTTP RESPONSE 200 {"pragma":"no-cache","date":"Fri, 19 Mar 2021 04:28:34 GMT","cache-control":"no-cache, no-store, max-age=0, must-revalidate","expires":"Mon, 01 Jan 1990 00:00:00 GMT","content-type":"application/json; charset=utf-8","vary":"X-Origin, Referer, Origin,Accept-Encoding","server":"scaffolding on HTTPServer2","x-xss-protection":"0","x-frame-options":"SAMEORIGIN","x-content-type-options":"nosniff","alt-svc":"h3-29=\":443\"; ma=2592000,h3-T051=\":443\"; ma=2592000,h3-Q050=\":443\"; ma=2592000,h3-Q046=\":443\"; ma=2592000,h3-Q043=\":443\"; ma=2592000,quic=\":443\"; ma=2592000; v=\"46,43\"","accept-ranges":"none","transfer-encoding":"chunked"}
[debug] [2021-03-19T04:28:34.896Z] >>> [apiv2][query] GET https://cloudfunctions.googleapis.com/v1/operations/c2FtYW50aGFjbGFya2UtcG9ydGZvbGlvL3VzLWNlbnRyYWwxL3NlbmRlbWFpbC9yV2U4V2VBcEtDTQ [none]
[debug] [2021-03-19T04:28:35.679Z] <<< [apiv2][status] GET https://cloudfunctions.googleapis.com/v1/operations/c2FtYW50aGFjbGFya2UtcG9ydGZvbGlvL3VzLWNlbnRyYWwxL3NlbmRlbWFpbC9yV2U4V2VBcEtDTQ 200
[debug] [2021-03-19T04:28:35.680Z] <<< [apiv2][body] GET https://cloudfunctions.googleapis.com/v1/operations/c2FtYW50aGFjbGFya2UtcG9ydGZvbGlvL3VzLWNlbnRyYWwxL3NlbmRlbWFpbC9yV2U4V2VBcEtDTQ {"name":"operations/c2FtYW50aGFjbGFya2UtcG9ydGZvbGlvL3VzLWNlbnRyYWwxL3NlbmRlbWFpbC9yV2U4V2VBcEtDTQ","metadata":{"@type":"type.googleapis.com/google.cloud.functions.v1.OperationMetadataV1","target":"projects/samanthaclarke-portfolio/locations/us-central1/functions/sendemail","type":"CREATE_FUNCTION","request":{"@type":"type.googleapis.com/google.cloud.functions.v1.CloudFunction","name":"projects/samanthaclarke-portfolio/locations/us-central1/functions/sendemail","httpsTrigger":{},"entryPoint":"sendemail","labels":{"deployment-tool":"cli-firebase","deployment-callable":"true"},"sourceUploadUrl":"https://storage.googleapis.com/gcf-upload-us-central1-bd4e6713-d589-4669-815f-7966ba544101/ffce97f5-4893-456d-84aa-9f7493aacd1d.zip?GoogleAccessId=service-100508599802@gcf-admin-robot.iam.gserviceaccount.com&Expires=1616129912&Signature=OlHnF7vGnQqfX9d2N5yd84ZbuTyS9pd5vwXIf7TWJhUPE%2F9sAP%2F8WXo5HkJy9Nzpvl8WAOuIrDRefxI0gwjuDbV99zTqXtt1JwWxyHSexoADG%2BhcI62LnDPuXRNuyhQVV7YybK2O86D6vvb9TVu9nhOmq9vd%2Bft6UzHi0N5ywJWuTD%2BDJzLLHgLxY8H31%2B528lWFrzG02vjIrsU4l8JMj4C9ejJzfXNaw3pNxV3be%2FGsV%2BRAcGiWUEcXCGfjufcYrNeLLI8%2Fc46f3JX1%2FWb08BucsDogXYzUacqxyqG%2FfRWRz%2FIT7wBTgpjByBLTXCMZzMVa0HkjCz%2BrfLHOjDjTiA%3D%3D","environmentVariables":{"FIREBASE_CONFIG":"{\"projectId\":\"samanthaclarke-portfolio\",\"storageBucket\":\"samanthaclarke-portfolio.appspot.com\",\"locationId\":\"australia-southeast1\"}"},"runtime":"nodejs12"},"versionId":"1","updateTime":"2021-03-19T04:28:34Z","buildId":"a66ea6bc-04d6-40fa-8724-39819033723b"}}
[debug] [2021-03-19T04:28:36.181Z] [create-projects/samanthaclarke-portfolio/locations/us-central1/functions/sendemail] Retrying task index 0
[debug] [2021-03-19T04:28:36.182Z] >>> [apiv2][query] GET https://cloudfunctions.googleapis.com/v1/operations/c2FtYW50aGFjbGFya2UtcG9ydGZvbGlvL3VzLWNlbnRyYWwxL3NlbmRlbWFpbC9yV2U4V2VBcEtDTQ [none]
[debug] [2021-03-19T04:28:36.791Z] <<< [apiv2][status] GET https://cloudfunctions.googleapis.com/v1/operations/c2FtYW50aGFjbGFya2UtcG9ydGZvbGlvL3VzLWNlbnRyYWwxL3NlbmRlbWFpbC9yV2U4V2VBcEtDTQ 200
[debug] [2021-03-19T04:28:36.792Z] <<< [apiv2][body] GET https://cloudfunctions.googleapis.com/v1/operations/c2FtYW50aGFjbGFya2UtcG9ydGZvbGlvL3VzLWNlbnRyYWwxL3NlbmRlbWFpbC9yV2U4V2VBcEtDTQ {"name":"operations/c2FtYW50aGFjbGFya2UtcG9ydGZvbGlvL3VzLWNlbnRyYWwxL3NlbmRlbWFpbC9yV2U4V2VBcEtDTQ","metadata":{"@type":"type.googleapis.com/google.cloud.functions.v1.OperationMetadataV1","target":"projects/samanthaclarke-portfolio/locations/us-central1/functions/sendemail","type":"CREATE_FUNCTION","request":{"@type":"type.googleapis.com/google.cloud.functions.v1.CloudFunction","name":"projects/samanthaclarke-portfolio/locations/us-central1/functions/sendemail","httpsTrigger":{},"entryPoint":"sendemail","labels":{"deployment-tool":"cli-firebase","deployment-callable":"true"},"sourceUploadUrl":"https://storage.googleapis.com/gcf-upload-us-central1-bd4e6713-d589-4669-815f-7966ba544101/ffce97f5-4893-456d-84aa-9f7493aacd1d.zip?GoogleAccessId=service-100508599802@gcf-admin-robot.iam.gserviceaccount.com&Expires=1616129912&Signature=OlHnF7vGnQqfX9d2N5yd84ZbuTyS9pd5vwXIf7TWJhUPE%2F9sAP%2F8WXo5HkJy9Nzpvl8WAOuIrDRefxI0gwjuDbV99zTqXtt1JwWxyHSexoADG%2BhcI62LnDPuXRNuyhQVV7YybK2O86D6vvb9TVu9nhOmq9vd%2Bft6UzHi0N5ywJWuTD%2BDJzLLHgLxY8H31%2B528lWFrzG02vjIrsU4l8JMj4C9ejJzfXNaw3pNxV3be%2FGsV%2BRAcGiWUEcXCGfjufcYrNeLLI8%2Fc46f3JX1%2FWb08BucsDogXYzUacqxyqG%2FfRWRz%2FIT7wBTgpjByBLTXCMZzMVa0HkjCz%2BrfLHOjDjTiA%3D%3D","environmentVariables":{"FIREBASE_CONFIG":"{\"projectId\":\"samanthaclarke-portfolio\",\"storageBucket\":\"samanthaclarke-portfolio.appspot.com\",\"locationId\":\"australia-southeast1\"}"},"runtime":"nodejs12"},"versionId":"1","updateTime":"2021-03-19T04:28:34Z","buildId":"a66ea6bc-04d6-40fa-8724-39819033723b"}}
[debug] [2021-03-19T04:28:37.792Z] [create-projects/samanthaclarke-portfolio/locations/us-central1/functions/sendemail] Retrying task index 0
[debug] [2021-03-19T04:28:37.793Z] >>> [apiv2][query] GET https://cloudfunctions.googleapis.com/v1/operations/c2FtYW50aGFjbGFya2UtcG9ydGZvbGlvL3VzLWNlbnRyYWwxL3NlbmRlbWFpbC9yV2U4V2VBcEtDTQ [none]
[debug] [2021-03-19T04:28:38.392Z] <<< [apiv2][status] GET https://cloudfunctions.googleapis.com/v1/operations/c2FtYW50aGFjbGFya2UtcG9ydGZvbGlvL3VzLWNlbnRyYWwxL3NlbmRlbWFpbC9yV2U4V2VBcEtDTQ 200
[debug] [2021-03-19T04:28:38.392Z] <<< [apiv2][body] GET https://cloudfunctions.googleapis.com/v1/operations/c2FtYW50aGFjbGFya2UtcG9ydGZvbGlvL3VzLWNlbnRyYWwxL3NlbmRlbWFpbC9yV2U4V2VBcEtDTQ {"name":"operations/c2FtYW50aGFjbGFya2UtcG9ydGZvbGlvL3VzLWNlbnRyYWwxL3NlbmRlbWFpbC9yV2U4V2VBcEtDTQ","metadata":{"@type":"type.googleapis.com/google.cloud.functions.v1.OperationMetadataV1","target":"projects/samanthaclarke-portfolio/locations/us-central1/functions/sendemail","type":"CREATE_FUNCTION","request":{"@type":"type.googleapis.com/google.cloud.functions.v1.CloudFunction","name":"projects/samanthaclarke-portfolio/locations/us-central1/functions/sendemail","httpsTrigger":{},"entryPoint":"sendemail","labels":{"deployment-tool":"cli-firebase","deployment-callable":"true"},"sourceUploadUrl":"https://storage.googleapis.com/gcf-upload-us-central1-bd4e6713-d589-4669-815f-7966ba544101/ffce97f5-4893-456d-84aa-9f7493aacd1d.zip?GoogleAccessId=service-100508599802@gcf-admin-robot.iam.gserviceaccount.com&Expires=1616129912&Signature=OlHnF7vGnQqfX9d2N5yd84ZbuTyS9pd5vwXIf7TWJhUPE%2F9sAP%2F8WXo5HkJy9Nzpvl8WAOuIrDRefxI0gwjuDbV99zTqXtt1JwWxyHSexoADG%2BhcI62LnDPuXRNuyhQVV7YybK2O86D6vvb9TVu9nhOmq9vd%2Bft6UzHi0N5ywJWuTD%2BDJzLLHgLxY8H31%2B528lWFrzG02vjIrsU4l8JMj4C9ejJzfXNaw3pNxV3be%2FGsV%2BRAcGiWUEcXCGfjufcYrNeLLI8%2Fc46f3JX1%2FWb08BucsDogXYzUacqxyqG%2FfRWRz%2FIT7wBTgpjByBLTXCMZzMVa0HkjCz%2BrfLHOjDjTiA%3D%3D","environmentVariables":{"FIREBASE_CONFIG":"{\"projectId\":\"samanthaclarke-portfolio\",\"storageBucket\":\"samanthaclarke-portfolio.appspot.com\",\"locationId\":\"australia-southeast1\"}"},"runtime":"nodejs12"},"versionId":"1","updateTime":"2021-03-19T04:28:34Z","buildId":"a66ea6bc-04d6-40fa-8724-39819033723b"}}
[debug] [2021-03-19T04:28:40.395Z] [create-projects/samanthaclarke-portfolio/locations/us-central1/functions/sendemail] Retrying task index 0
[debug] [2021-03-19T04:28:40.395Z] >>> [apiv2][query] GET https://cloudfunctions.googleapis.com/v1/operations/c2FtYW50aGFjbGFya2UtcG9ydGZvbGlvL3VzLWNlbnRyYWwxL3NlbmRlbWFpbC9yV2U4V2VBcEtDTQ [none]
[debug] [2021-03-19T04:28:41.013Z] <<< [apiv2][status] GET https://cloudfunctions.googleapis.com/v1/operations/c2FtYW50aGFjbGFya2UtcG9ydGZvbGlvL3VzLWNlbnRyYWwxL3NlbmRlbWFpbC9yV2U4V2VBcEtDTQ 200
[debug] [2021-03-19T04:28:41.013Z] <<< [apiv2][body] GET https://cloudfunctions.googleapis.com/v1/operations/c2FtYW50aGFjbGFya2UtcG9ydGZvbGlvL3VzLWNlbnRyYWwxL3NlbmRlbWFpbC9yV2U4V2VBcEtDTQ {"name":"operations/c2FtYW50aGFjbGFya2UtcG9ydGZvbGlvL3VzLWNlbnRyYWwxL3NlbmRlbWFpbC9yV2U4V2VBcEtDTQ","metadata":{"@type":"type.googleapis.com/google.cloud.functions.v1.OperationMetadataV1","target":"projects/samanthaclarke-portfolio/locations/us-central1/functions/sendemail","type":"CREATE_FUNCTION","request":{"@type":"type.googleapis.com/google.cloud.functions.v1.CloudFunction","name":"projects/samanthaclarke-portfolio/locations/us-central1/functions/sendemail","httpsTrigger":{},"entryPoint":"sendemail","labels":{"deployment-tool":"cli-firebase","deployment-callable":"true"},"sourceUploadUrl":"https://storage.googleapis.com/gcf-upload-us-central1-bd4e6713-d589-4669-815f-7966ba544101/ffce97f5-4893-456d-84aa-9f7493aacd1d.zip?GoogleAccessId=service-100508599802@gcf-admin-robot.iam.gserviceaccount.com&Expires=1616129912&Signature=OlHnF7vGnQqfX9d2N5yd84ZbuTyS9pd5vwXIf7TWJhUPE%2F9sAP%2F8WXo5HkJy9Nzpvl8WAOuIrDRefxI0gwjuDbV99zTqXtt1JwWxyHSexoADG%2BhcI62LnDPuXRNuyhQVV7YybK2O86D6vvb9TVu9nhOmq9vd%2Bft6UzHi0N5ywJWuTD%2BDJzLLHgLxY8H31%2B528lWFrzG02vjIrsU4l8JMj4C9ejJzfXNaw3pNxV3be%2FGsV%2BRAcGiWUEcXCGfjufcYrNeLLI8%2Fc46f3JX1%2FWb08BucsDogXYzUacqxyqG%2FfRWRz%2FIT7wBTgpjByBLTXCMZzMVa0HkjCz%2BrfLHOjDjTiA%3D%3D","environmentVariables":{"FIREBASE_CONFIG":"{\"projectId\":\"samanthaclarke-portfolio\",\"storageBucket\":\"samanthaclarke-portfolio.appspot.com\",\"locationId\":\"australia-southeast1\"}"},"runtime":"nodejs12"},"versionId":"1","updateTime":"2021-03-19T04:28:34Z","buildId":"a66ea6bc-04d6-40fa-8724-39819033723b"}}
[debug] [2021-03-19T04:28:45.015Z] [create-projects/samanthaclarke-portfolio/locations/us-central1/functions/sendemail] Retrying task index 0
[debug] [2021-03-19T04:28:45.016Z] >>> [apiv2][query] GET https://cloudfunctions.googleapis.com/v1/operations/c2FtYW50aGFjbGFya2UtcG9ydGZvbGlvL3VzLWNlbnRyYWwxL3NlbmRlbWFpbC9yV2U4V2VBcEtDTQ [none]
[debug] [2021-03-19T04:28:45.608Z] <<< [apiv2][status] GET https://cloudfunctions.googleapis.com/v1/operations/c2FtYW50aGFjbGFya2UtcG9ydGZvbGlvL3VzLWNlbnRyYWwxL3NlbmRlbWFpbC9yV2U4V2VBcEtDTQ 200
[debug] [2021-03-19T04:28:45.609Z] <<< [apiv2][body] GET https://cloudfunctions.googleapis.com/v1/operations/c2FtYW50aGFjbGFya2UtcG9ydGZvbGlvL3VzLWNlbnRyYWwxL3NlbmRlbWFpbC9yV2U4V2VBcEtDTQ {"name":"operations/c2FtYW50aGFjbGFya2UtcG9ydGZvbGlvL3VzLWNlbnRyYWwxL3NlbmRlbWFpbC9yV2U4V2VBcEtDTQ","metadata":{"@type":"type.googleapis.com/google.cloud.functions.v1.OperationMetadataV1","target":"projects/samanthaclarke-portfolio/locations/us-central1/functions/sendemail","type":"CREATE_FUNCTION","request":{"@type":"type.googleapis.com/google.cloud.functions.v1.CloudFunction","name":"projects/samanthaclarke-portfolio/locations/us-central1/functions/sendemail","httpsTrigger":{},"entryPoint":"sendemail","labels":{"deployment-tool":"cli-firebase","deployment-callable":"true"},"sourceUploadUrl":"https://storage.googleapis.com/gcf-upload-us-central1-bd4e6713-d589-4669-815f-7966ba544101/ffce97f5-4893-456d-84aa-9f7493aacd1d.zip?GoogleAccessId=service-100508599802@gcf-admin-robot.iam.gserviceaccount.com&Expires=1616129912&Signature=OlHnF7vGnQqfX9d2N5yd84ZbuTyS9pd5vwXIf7TWJhUPE%2F9sAP%2F8WXo5HkJy9Nzpvl8WAOuIrDRefxI0gwjuDbV99zTqXtt1JwWxyHSexoADG%2BhcI62LnDPuXRNuyhQVV7YybK2O86D6vvb9TVu9nhOmq9vd%2Bft6UzHi0N5ywJWuTD%2BDJzLLHgLxY8H31%2B528lWFrzG02vjIrsU4l8JMj4C9ejJzfXNaw3pNxV3be%2FGsV%2BRAcGiWUEcXCGfjufcYrNeLLI8%2Fc46f3JX1%2FWb08BucsDogXYzUacqxyqG%2FfRWRz%2FIT7wBTgpjByBLTXCMZzMVa0HkjCz%2BrfLHOjDjTiA%3D%3D","environmentVariables":{"FIREBASE_CONFIG":"{\"projectId\":\"samanthaclarke-portfolio\",\"storageBucket\":\"samanthaclarke-portfolio.appspot.com\",\"locationId\":\"australia-southeast1\"}"},"runtime":"nodejs12"},"versionId":"1","updateTime":"2021-03-19T04:28:34Z","buildId":"a66ea6bc-04d6-40fa-8724-39819033723b"}}
[debug] [2021-03-19T04:28:53.615Z] [create-projects/samanthaclarke-portfolio/locations/us-central1/functions/sendemail] Retrying task index 0
[debug] [2021-03-19T04:28:53.616Z] >>> [apiv2][query] GET https://cloudfunctions.googleapis.com/v1/operations/c2FtYW50aGFjbGFya2UtcG9ydGZvbGlvL3VzLWNlbnRyYWwxL3NlbmRlbWFpbC9yV2U4V2VBcEtDTQ [none]
[debug] [2021-03-19T04:28:54.228Z] <<< [apiv2][status] GET https://cloudfunctions.googleapis.com/v1/operations/c2FtYW50aGFjbGFya2UtcG9ydGZvbGlvL3VzLWNlbnRyYWwxL3NlbmRlbWFpbC9yV2U4V2VBcEtDTQ 200
[debug] [2021-03-19T04:28:54.228Z] <<< [apiv2][body] GET https://cloudfunctions.googleapis.com/v1/operations/c2FtYW50aGFjbGFya2UtcG9ydGZvbGlvL3VzLWNlbnRyYWwxL3NlbmRlbWFpbC9yV2U4V2VBcEtDTQ {"name":"operations/c2FtYW50aGFjbGFya2UtcG9ydGZvbGlvL3VzLWNlbnRyYWwxL3NlbmRlbWFpbC9yV2U4V2VBcEtDTQ","metadata":{"@type":"type.googleapis.com/google.cloud.functions.v1.OperationMetadataV1","target":"projects/samanthaclarke-portfolio/locations/us-central1/functions/sendemail","type":"CREATE_FUNCTION","request":{"@type":"type.googleapis.com/google.cloud.functions.v1.CloudFunction","name":"projects/samanthaclarke-portfolio/locations/us-central1/functions/sendemail","httpsTrigger":{},"entryPoint":"sendemail","labels":{"deployment-tool":"cli-firebase","deployment-callable":"true"},"sourceUploadUrl":"https://storage.googleapis.com/gcf-upload-us-central1-bd4e6713-d589-4669-815f-7966ba544101/ffce97f5-4893-456d-84aa-9f7493aacd1d.zip?GoogleAccessId=service-100508599802@gcf-admin-robot.iam.gserviceaccount.com&Expires=1616129912&Signature=OlHnF7vGnQqfX9d2N5yd84ZbuTyS9pd5vwXIf7TWJhUPE%2F9sAP%2F8WXo5HkJy9Nzpvl8WAOuIrDRefxI0gwjuDbV99zTqXtt1JwWxyHSexoADG%2BhcI62LnDPuXRNuyhQVV7YybK2O86D6vvb9TVu9nhOmq9vd%2Bft6UzHi0N5ywJWuTD%2BDJzLLHgLxY8H31%2B528lWFrzG02vjIrsU4l8JMj4C9ejJzfXNaw3pNxV3be%2FGsV%2BRAcGiWUEcXCGfjufcYrNeLLI8%2Fc46f3JX1%2FWb08BucsDogXYzUacqxyqG%2FfRWRz%2FIT7wBTgpjByBLTXCMZzMVa0HkjCz%2BrfLHOjDjTiA%3D%3D","environmentVariables":{"FIREBASE_CONFIG":"{\"projectId\":\"samanthaclarke-portfolio\",\"storageBucket\":\"samanthaclarke-portfolio.appspot.com\",\"locationId\":\"australia-southeast1\"}"},"runtime":"nodejs12"},"versionId":"1","updateTime":"2021-03-19T04:28:34Z","buildId":"a66ea6bc-04d6-40fa-8724-39819033723b"}}
[debug] [2021-03-19T04:29:10.245Z] [create-projects/samanthaclarke-portfolio/locations/us-central1/functions/sendemail] Retrying task index 0
[debug] [2021-03-19T04:29:10.246Z] >>> [apiv2][query] GET https://cloudfunctions.googleapis.com/v1/operations/c2FtYW50aGFjbGFya2UtcG9ydGZvbGlvL3VzLWNlbnRyYWwxL3NlbmRlbWFpbC9yV2U4V2VBcEtDTQ [none]
[debug] [2021-03-19T04:29:10.931Z] <<< [apiv2][status] GET https://cloudfunctions.googleapis.com/v1/operations/c2FtYW50aGFjbGFya2UtcG9ydGZvbGlvL3VzLWNlbnRyYWwxL3NlbmRlbWFpbC9yV2U4V2VBcEtDTQ 200
[debug] [2021-03-19T04:29:10.931Z] <<< [apiv2][body] GET https://cloudfunctions.googleapis.com/v1/operations/c2FtYW50aGFjbGFya2UtcG9ydGZvbGlvL3VzLWNlbnRyYWwxL3NlbmRlbWFpbC9yV2U4V2VBcEtDTQ {"name":"operations/c2FtYW50aGFjbGFya2UtcG9ydGZvbGlvL3VzLWNlbnRyYWwxL3NlbmRlbWFpbC9yV2U4V2VBcEtDTQ","metadata":{"@type":"type.googleapis.com/google.cloud.functions.v1.OperationMetadataV1","target":"projects/samanthaclarke-portfolio/locations/us-central1/functions/sendemail","type":"CREATE_FUNCTION","request":{"@type":"type.googleapis.com/google.cloud.functions.v1.CloudFunction","name":"projects/samanthaclarke-portfolio/locations/us-central1/functions/sendemail","httpsTrigger":{},"entryPoint":"sendemail","labels":{"deployment-tool":"cli-firebase","deployment-callable":"true"},"sourceUploadUrl":"https://storage.googleapis.com/gcf-upload-us-central1-bd4e6713-d589-4669-815f-7966ba544101/ffce97f5-4893-456d-84aa-9f7493aacd1d.zip?GoogleAccessId=service-100508599802@gcf-admin-robot.iam.gserviceaccount.com&Expires=1616129912&Signature=OlHnF7vGnQqfX9d2N5yd84ZbuTyS9pd5vwXIf7TWJhUPE%2F9sAP%2F8WXo5HkJy9Nzpvl8WAOuIrDRefxI0gwjuDbV99zTqXtt1JwWxyHSexoADG%2BhcI62LnDPuXRNuyhQVV7YybK2O86D6vvb9TVu9nhOmq9vd%2Bft6UzHi0N5ywJWuTD%2BDJzLLHgLxY8H31%2B528lWFrzG02vjIrsU4l8JMj4C9ejJzfXNaw3pNxV3be%2FGsV%2BRAcGiWUEcXCGfjufcYrNeLLI8%2Fc46f3JX1%2FWb08BucsDogXYzUacqxyqG%2FfRWRz%2FIT7wBTgpjByBLTXCMZzMVa0HkjCz%2BrfLHOjDjTiA%3D%3D","environmentVariables":{"FIREBASE_CONFIG":"{\"projectId\":\"samanthaclarke-portfolio\",\"storageBucket\":\"samanthaclarke-portfolio.appspot.com\",\"locationId\":\"australia-southeast1\"}"},"runtime":"nodejs12"},"versionId":"1","updateTime":"2021-03-19T04:28:34Z","buildId":"a66ea6bc-04d6-40fa-8724-39819033723b"}}
[debug] [2021-03-19T04:29:42.964Z] [create-projects/samanthaclarke-portfolio/locations/us-central1/functions/sendemail] Retrying task index 0
[debug] [2021-03-19T04:29:42.965Z] >>> [apiv2][query] GET https://cloudfunctions.googleapis.com/v1/operations/c2FtYW50aGFjbGFya2UtcG9ydGZvbGlvL3VzLWNlbnRyYWwxL3NlbmRlbWFpbC9yV2U4V2VBcEtDTQ [none]
[debug] [2021-03-19T04:29:43.588Z] <<< [apiv2][status] GET https://cloudfunctions.googleapis.com/v1/operations/c2FtYW50aGFjbGFya2UtcG9ydGZvbGlvL3VzLWNlbnRyYWwxL3NlbmRlbWFpbC9yV2U4V2VBcEtDTQ 200
[debug] [2021-03-19T04:29:43.588Z] <<< [apiv2][body] GET https://cloudfunctions.googleapis.com/v1/operations/c2FtYW50aGFjbGFya2UtcG9ydGZvbGlvL3VzLWNlbnRyYWwxL3NlbmRlbWFpbC9yV2U4V2VBcEtDTQ {"name":"operations/c2FtYW50aGFjbGFya2UtcG9ydGZvbGlvL3VzLWNlbnRyYWwxL3NlbmRlbWFpbC9yV2U4V2VBcEtDTQ","metadata":{"@type":"type.googleapis.com/google.cloud.functions.v1.OperationMetadataV1","target":"projects/samanthaclarke-portfolio/locations/us-central1/functions/sendemail","type":"CREATE_FUNCTION","request":{"@type":"type.googleapis.com/google.cloud.functions.v1.CloudFunction","name":"projects/samanthaclarke-portfolio/locations/us-central1/functions/sendemail","httpsTrigger":{},"entryPoint":"sendemail","labels":{"deployment-tool":"cli-firebase","deployment-callable":"true"},"sourceUploadUrl":"https://storage.googleapis.com/gcf-upload-us-central1-bd4e6713-d589-4669-815f-7966ba544101/ffce97f5-4893-456d-84aa-9f7493aacd1d.zip?GoogleAccessId=service-100508599802@gcf-admin-robot.iam.gserviceaccount.com&Expires=1616129912&Signature=OlHnF7vGnQqfX9d2N5yd84ZbuTyS9pd5vwXIf7TWJhUPE%2F9sAP%2F8WXo5HkJy9Nzpvl8WAOuIrDRefxI0gwjuDbV99zTqXtt1JwWxyHSexoADG%2BhcI62LnDPuXRNuyhQVV7YybK2O86D6vvb9TVu9nhOmq9vd%2Bft6UzHi0N5ywJWuTD%2BDJzLLHgLxY8H31%2B528lWFrzG02vjIrsU4l8JMj4C9ejJzfXNaw3pNxV3be%2FGsV%2BRAcGiWUEcXCGfjufcYrNeLLI8%2Fc46f3JX1%2FWb08BucsDogXYzUacqxyqG%2FfRWRz%2FIT7wBTgpjByBLTXCMZzMVa0HkjCz%2BrfLHOjDjTiA%3D%3D","environmentVariables":{"FIREBASE_CONFIG":"{\"projectId\":\"samanthaclarke-portfolio\",\"storageBucket\":\"samanthaclarke-portfolio.appspot.com\",\"locationId\":\"australia-southeast1\"}"},"runtime":"nodejs12"},"versionId":"1","updateTime":"2021-03-19T04:28:34Z","buildId":"a66ea6bc-04d6-40fa-8724-39819033723b"}}
[debug] [2021-03-19T04:30:47.653Z] [create-projects/samanthaclarke-portfolio/locations/us-central1/functions/sendemail] Retrying task index 0
[debug] [2021-03-19T04:30:47.654Z] >>> [apiv2][query] GET https://cloudfunctions.googleapis.com/v1/operations/c2FtYW50aGFjbGFya2UtcG9ydGZvbGlvL3VzLWNlbnRyYWwxL3NlbmRlbWFpbC9yV2U4V2VBcEtDTQ [none]
[debug] [2021-03-19T04:30:48.273Z] <<< [apiv2][status] GET https://cloudfunctions.googleapis.com/v1/operations/c2FtYW50aGFjbGFya2UtcG9ydGZvbGlvL3VzLWNlbnRyYWwxL3NlbmRlbWFpbC9yV2U4V2VBcEtDTQ 200
[debug] [2021-03-19T04:30:48.273Z] <<< [apiv2][body] GET https://cloudfunctions.googleapis.com/v1/operations/c2FtYW50aGFjbGFya2UtcG9ydGZvbGlvL3VzLWNlbnRyYWwxL3NlbmRlbWFpbC9yV2U4V2VBcEtDTQ {"name":"operations/c2FtYW50aGFjbGFya2UtcG9ydGZvbGlvL3VzLWNlbnRyYWwxL3NlbmRlbWFpbC9yV2U4V2VBcEtDTQ","metadata":{"@type":"type.googleapis.com/google.cloud.functions.v1.OperationMetadataV1","target":"projects/samanthaclarke-portfolio/locations/us-central1/functions/sendemail","type":"CREATE_FUNCTION","request":{"@type":"type.googleapis.com/google.cloud.functions.v1.CloudFunction","name":"projects/samanthaclarke-portfolio/locations/us-central1/functions/sendemail","httpsTrigger":{},"entryPoint":"sendemail","labels":{"deployment-tool":"cli-firebase","deployment-callable":"true"},"sourceUploadUrl":"https://storage.googleapis.com/gcf-upload-us-central1-bd4e6713-d589-4669-815f-7966ba544101/ffce97f5-4893-456d-84aa-9f7493aacd1d.zip?GoogleAccessId=service-100508599802@gcf-admin-robot.iam.gserviceaccount.com&Expires=1616129912&Signature=OlHnF7vGnQqfX9d2N5yd84ZbuTyS9pd5vwXIf7TWJhUPE%2F9sAP%2F8WXo5HkJy9Nzpvl8WAOuIrDRefxI0gwjuDbV99zTqXtt1JwWxyHSexoADG%2BhcI62LnDPuXRNuyhQVV7YybK2O86D6vvb9TVu9nhOmq9vd%2Bft6UzHi0N5ywJWuTD%2BDJzLLHgLxY8H31%2B528lWFrzG02vjIrsU4l8JMj4C9ejJzfXNaw3pNxV3be%2FGsV%2BRAcGiWUEcXCGfjufcYrNeLLI8%2Fc46f3JX1%2FWb08BucsDogXYzUacqxyqG%2FfRWRz%2FIT7wBTgpjByBLTXCMZzMVa0HkjCz%2BrfLHOjDjTiA%3D%3D","environmentVariables":{"FIREBASE_CONFIG":"{\"projectId\":\"samanthaclarke-portfolio\",\"storageBucket\":\"samanthaclarke-portfolio.appspot.com\",\"locationId\":\"australia-southeast1\"}"},"runtime":"nodejs12"},"versionId":"1","updateTime":"2021-03-19T04:30:02Z","buildId":"a66ea6bc-04d6-40fa-8724-39819033723b","sourceToken":"386b4434-93aa-463c-bd4a-bd65f1554ad6"},"done":true,"response":{"@type":"type.googleapis.com/google.cloud.functions.v1.CloudFunction","name":"projects/samanthaclarke-portfolio/locations/us-central1/functions/sendemail","httpsTrigger":{"url":"https://us-central1-samanthaclarke-portfolio.cloudfunctions.net/sendemail","securityLevel":"SECURE_OPTIONAL"},"status":"ACTIVE","entryPoint":"sendemail","timeout":"60s","availableMemoryMb":256,"serviceAccountEmail":"samanthaclarke-portfolio@appspot.gserviceaccount.com","updateTime":"2021-03-19T04:30:02.237Z","versionId":"1","labels":{"deployment-tool":"cli-firebase","deployment-callable":"true"},"sourceUploadUrl":"https://storage.googleapis.com/gcf-upload-us-central1-bd4e6713-d589-4669-815f-7966ba544101/ffce97f5-4893-456d-84aa-9f7493aacd1d.zip?GoogleAccessId=service-100508599802@gcf-admin-robot.iam.gserviceaccount.com&Expires=1616129912&Signature=OlHnF7vGnQqfX9d2N5yd84ZbuTyS9pd5vwXIf7TWJhUPE%2F9sAP%2F8WXo5HkJy9Nzpvl8WAOuIrDRefxI0gwjuDbV99zTqXtt1JwWxyHSexoADG%2BhcI62LnDPuXRNuyhQVV7YybK2O86D6vvb9TVu9nhOmq9vd%2Bft6UzHi0N5ywJWuTD%2BDJzLLHgLxY8H31%2B528lWFrzG02vjIrsU4l8JMj4C9ejJzfXNaw3pNxV3be%2FGsV%2BRAcGiWUEcXCGfjufcYrNeLLI8%2Fc46f3JX1%2FWb08BucsDogXYzUacqxyqG%2FfRWRz%2FIT7wBTgpjByBLTXCMZzMVa0HkjCz%2BrfLHOjDjTiA%3D%3D","environmentVariables":{"FIREBASE_CONFIG":"{\"projectId\":\"samanthaclarke-portfolio\",\"storageBucket\":\"samanthaclarke-portfolio.appspot.com\",\"locationId\":\"australia-southeast1\"}"},"runtime":"nodejs12","ingressSettings":"ALLOW_ALL","buildId":"a66ea6bc-04d6-40fa-8724-39819033723b"}}
[debug] [2021-03-19T04:30:48.274Z] Got sourceToken 386b4434-93aa-463c-bd4a-bd65f1554ad6 for region us-central1
[info] i  functions: updating Node.js 12 function helloWorld(us-central1)... 
[debug] [2021-03-19T04:30:48.276Z] > refreshing access token with scopes: ["email","https://www.googleapis.com/auth/cloud-platform","https://www.googleapis.com/auth/cloudplatformprojects.readonly","https://www.googleapis.com/auth/firebase","openid"]
[debug] [2021-03-19T04:30:48.276Z] >>> HTTP REQUEST POST https://www.googleapis.com/oauth2/v3/token  
 <request body omitted>
[debug] [2021-03-19T04:30:48.278Z] > refreshing access token with scopes: ["email","https://www.googleapis.com/auth/cloud-platform","https://www.googleapis.com/auth/cloudplatformprojects.readonly","https://www.googleapis.com/auth/firebase","openid"]
[debug] [2021-03-19T04:30:48.278Z] >>> HTTP REQUEST POST https://www.googleapis.com/oauth2/v3/token  
 <request body omitted>
[debug] [2021-03-19T04:30:48.610Z] <<< HTTP RESPONSE 200 {"pragma":"no-cache","date":"Fri, 19 Mar 2021 04:30:48 GMT","expires":"Mon, 01 Jan 1990 00:00:00 GMT","cache-control":"no-cache, no-store, max-age=0, must-revalidate","content-type":"application/json; charset=utf-8","vary":"X-Origin, Referer, Origin,Accept-Encoding","server":"scaffolding on HTTPServer2","x-xss-protection":"0","x-frame-options":"SAMEORIGIN","x-content-type-options":"nosniff","alt-svc":"h3-29=\":443\"; ma=2592000,h3-T051=\":443\"; ma=2592000,h3-Q050=\":443\"; ma=2592000,h3-Q046=\":443\"; ma=2592000,h3-Q043=\":443\"; ma=2592000,quic=\":443\"; ma=2592000; v=\"46,43\"","accept-ranges":"none","transfer-encoding":"chunked"}
[debug] [2021-03-19T04:30:48.619Z] >>> HTTP REQUEST PATCH https://cloudfunctions.googleapis.com/v1/projects/samanthaclarke-portfolio/locations/us-central1/functions/helloWorld {"updateMask":"sourceUploadUrl,name,labels,runtime,environmentVariables,sourceToken,httpsTrigger"} 
 {"sourceUploadUrl":"https://storage.googleapis.com/gcf-upload-us-central1-bd4e6713-d589-4669-815f-7966ba544101/ffce97f5-4893-456d-84aa-9f7493aacd1d.zip?GoogleAccessId=service-100508599802@gcf-admin-robot.iam.gserviceaccount.com&Expires=1616129912&Signature=OlHnF7vGnQqfX9d2N5yd84ZbuTyS9pd5vwXIf7TWJhUPE%2F9sAP%2F8WXo5HkJy9Nzpvl8WAOuIrDRefxI0gwjuDbV99zTqXtt1JwWxyHSexoADG%2BhcI62LnDPuXRNuyhQVV7YybK2O86D6vvb9TVu9nhOmq9vd%2Bft6UzHi0N5ywJWuTD%2BDJzLLHgLxY8H31%2B528lWFrzG02vjIrsU4l8JMj4C9ejJzfXNaw3pNxV3be%2FGsV%2BRAcGiWUEcXCGfjufcYrNeLLI8%2Fc46f3JX1%2FWb08BucsDogXYzUacqxyqG%2FfRWRz%2FIT7wBTgpjByBLTXCMZzMVa0HkjCz%2BrfLHOjDjTiA%3D%3D","name":"projects/samanthaclarke-portfolio/locations/us-central1/functions/helloWorld","labels":{"deployment-tool":"cli-firebase"},"httpsTrigger":{},"runtime":"nodejs12","environmentVariables":{"FIREBASE_CONFIG":"{\"projectId\":\"samanthaclarke-portfolio\",\"storageBucket\":\"samanthaclarke-portfolio.appspot.com\",\"locationId\":\"australia-southeast1\"}"},"sourceToken":"386b4434-93aa-463c-bd4a-bd65f1554ad6"}
[debug] [2021-03-19T04:30:48.624Z] <<< HTTP RESPONSE 200 {"expires":"Mon, 01 Jan 1990 00:00:00 GMT","pragma":"no-cache","date":"Fri, 19 Mar 2021 04:30:48 GMT","cache-control":"no-cache, no-store, max-age=0, must-revalidate","content-type":"application/json; charset=utf-8","vary":"X-Origin, Referer, Origin,Accept-Encoding","server":"scaffolding on HTTPServer2","x-xss-protection":"0","x-frame-options":"SAMEORIGIN","x-content-type-options":"nosniff","alt-svc":"h3-29=\":443\"; ma=2592000,h3-T051=\":443\"; ma=2592000,h3-Q050=\":443\"; ma=2592000,h3-Q046=\":443\"; ma=2592000,h3-Q043=\":443\"; ma=2592000,quic=\":443\"; ma=2592000; v=\"46,43\"","accept-ranges":"none","transfer-encoding":"chunked"}
[debug] [2021-03-19T04:30:48.632Z] >>> HTTP REQUEST POST https://cloudfunctions.googleapis.com/v1/projects/samanthaclarke-portfolio/locations/us-central1/functions/sendemail:setIamPolicy  
 {"policy":{"version":3,"bindings":[{"role":"roles/cloudfunctions.invoker","members":["allUsers"]}]},"updateMask":"version,bindings"}
[debug] [2021-03-19T04:30:49.427Z] <<< HTTP RESPONSE 200 {"content-type":"application/json; charset=UTF-8","vary":"X-Origin, Referer, Origin,Accept-Encoding","date":"Fri, 19 Mar 2021 04:30:49 GMT","server":"ESF","cache-control":"private","x-xss-protection":"0","x-frame-options":"SAMEORIGIN","x-content-type-options":"nosniff","alt-svc":"h3-29=\":443\"; ma=2592000,h3-T051=\":443\"; ma=2592000,h3-Q050=\":443\"; ma=2592000,h3-Q046=\":443\"; ma=2592000,h3-Q043=\":443\"; ma=2592000,quic=\":443\"; ma=2592000; v=\"46,43\"","accept-ranges":"none","transfer-encoding":"chunked"}
[info] ✔  functions[sendemail(us-central1)]: Successful create operation.  
[debug] [2021-03-19T04:30:49.504Z] <<< HTTP RESPONSE 200 {"content-type":"application/json; charset=UTF-8","vary":"X-Origin, Referer, Origin,Accept-Encoding","date":"Fri, 19 Mar 2021 04:30:49 GMT","server":"ESF","cache-control":"private","x-xss-protection":"0","x-frame-options":"SAMEORIGIN","x-content-type-options":"nosniff","alt-svc":"h3-29=\":443\"; ma=2592000,h3-T051=\":443\"; ma=2592000,h3-Q050=\":443\"; ma=2592000,h3-Q046=\":443\"; ma=2592000,h3-Q043=\":443\"; ma=2592000,quic=\":443\"; ma=2592000; v=\"46,43\"","accept-ranges":"none","transfer-encoding":"chunked"}
[debug] [2021-03-19T04:30:49.505Z] > refreshing access token with scopes: []
[debug] [2021-03-19T04:30:49.505Z] >>> HTTP REQUEST POST https://www.googleapis.com/oauth2/v3/token  
 <request body omitted>
[debug] [2021-03-19T04:30:49.836Z] <<< HTTP RESPONSE 200 {"cache-control":"no-cache, no-store, max-age=0, must-revalidate","expires":"Mon, 01 Jan 1990 00:00:00 GMT","date":"Fri, 19 Mar 2021 04:30:49 GMT","pragma":"no-cache","content-type":"application/json; charset=utf-8","vary":"X-Origin, Referer, Origin,Accept-Encoding","server":"scaffolding on HTTPServer2","x-xss-protection":"0","x-frame-options":"SAMEORIGIN","x-content-type-options":"nosniff","alt-svc":"h3-29=\":443\"; ma=2592000,h3-T051=\":443\"; ma=2592000,h3-Q050=\":443\"; ma=2592000,h3-Q046=\":443\"; ma=2592000,h3-Q043=\":443\"; ma=2592000,quic=\":443\"; ma=2592000; v=\"46,43\"","accept-ranges":"none","transfer-encoding":"chunked"}
[debug] [2021-03-19T04:30:49.844Z] >>> [apiv2][query] GET https://cloudfunctions.googleapis.com/v1/operations/c2FtYW50aGFjbGFya2UtcG9ydGZvbGlvL3VzLWNlbnRyYWwxL2hlbGxvV29ybGQvLVJNV1lhUWktWTA [none]
[debug] [2021-03-19T04:30:50.474Z] <<< [apiv2][status] GET https://cloudfunctions.googleapis.com/v1/operations/c2FtYW50aGFjbGFya2UtcG9ydGZvbGlvL3VzLWNlbnRyYWwxL2hlbGxvV29ybGQvLVJNV1lhUWktWTA 200
[debug] [2021-03-19T04:30:50.475Z] <<< [apiv2][body] GET https://cloudfunctions.googleapis.com/v1/operations/c2FtYW50aGFjbGFya2UtcG9ydGZvbGlvL3VzLWNlbnRyYWwxL2hlbGxvV29ybGQvLVJNV1lhUWktWTA {"name":"operations/c2FtYW50aGFjbGFya2UtcG9ydGZvbGlvL3VzLWNlbnRyYWwxL2hlbGxvV29ybGQvLVJNV1lhUWktWTA","metadata":{"@type":"type.googleapis.com/google.cloud.functions.v1.OperationMetadataV1","target":"projects/samanthaclarke-portfolio/locations/us-central1/functions/helloWorld","type":"UPDATE_FUNCTION","request":{"@type":"type.googleapis.com/google.cloud.functions.v1.CloudFunction","name":"projects/samanthaclarke-portfolio/locations/us-central1/functions/helloWorld","httpsTrigger":{},"status":"ACTIVE","entryPoint":"helloWorld","timeout":"60s","availableMemoryMb":256,"serviceAccountEmail":"samanthaclarke-portfolio@appspot.gserviceaccount.com","updateTime":"2021-03-19T02:29:40.527Z","versionId":"1","labels":{"deployment-tool":"cli-firebase"},"sourceUploadUrl":"https://storage.googleapis.com/gcf-upload-us-central1-bd4e6713-d589-4669-815f-7966ba544101/ffce97f5-4893-456d-84aa-9f7493aacd1d.zip?GoogleAccessId=service-100508599802@gcf-admin-robot.iam.gserviceaccount.com&Expires=1616129912&Signature=OlHnF7vGnQqfX9d2N5yd84ZbuTyS9pd5vwXIf7TWJhUPE%2F9sAP%2F8WXo5HkJy9Nzpvl8WAOuIrDRefxI0gwjuDbV99zTqXtt1JwWxyHSexoADG%2BhcI62LnDPuXRNuyhQVV7YybK2O86D6vvb9TVu9nhOmq9vd%2Bft6UzHi0N5ywJWuTD%2BDJzLLHgLxY8H31%2B528lWFrzG02vjIrsU4l8JMj4C9ejJzfXNaw3pNxV3be%2FGsV%2BRAcGiWUEcXCGfjufcYrNeLLI8%2Fc46f3JX1%2FWb08BucsDogXYzUacqxyqG%2FfRWRz%2FIT7wBTgpjByBLTXCMZzMVa0HkjCz%2BrfLHOjDjTiA%3D%3D","environmentVariables":{"FIREBASE_CONFIG":"{\"projectId\":\"samanthaclarke-portfolio\",\"storageBucket\":\"samanthaclarke-portfolio.appspot.com\",\"locationId\":\"australia-southeast1\"}"},"runtime":"nodejs12","ingressSettings":"ALLOW_ALL","buildId":"42666076-034b-4805-87a7-e8ddcd1f683f","sourceToken":"386b4434-93aa-463c-bd4a-bd65f1554ad6"},"versionId":"2","updateTime":"2021-03-19T04:30:49Z","sourceToken":"386b4434-93aa-463c-bd4a-bd65f1554ad6"}}
[debug] [2021-03-19T04:30:50.976Z] [update-projects/samanthaclarke-portfolio/locations/us-central1/functions/helloWorld] Retrying task index 0
[debug] [2021-03-19T04:30:50.977Z] >>> [apiv2][query] GET https://cloudfunctions.googleapis.com/v1/operations/c2FtYW50aGFjbGFya2UtcG9ydGZvbGlvL3VzLWNlbnRyYWwxL2hlbGxvV29ybGQvLVJNV1lhUWktWTA [none]
[debug] [2021-03-19T04:30:51.615Z] <<< [apiv2][status] GET https://cloudfunctions.googleapis.com/v1/operations/c2FtYW50aGFjbGFya2UtcG9ydGZvbGlvL3VzLWNlbnRyYWwxL2hlbGxvV29ybGQvLVJNV1lhUWktWTA 200
[debug] [2021-03-19T04:30:51.616Z] <<< [apiv2][body] GET https://cloudfunctions.googleapis.com/v1/operations/c2FtYW50aGFjbGFya2UtcG9ydGZvbGlvL3VzLWNlbnRyYWwxL2hlbGxvV29ybGQvLVJNV1lhUWktWTA {"name":"operations/c2FtYW50aGFjbGFya2UtcG9ydGZvbGlvL3VzLWNlbnRyYWwxL2hlbGxvV29ybGQvLVJNV1lhUWktWTA","metadata":{"@type":"type.googleapis.com/google.cloud.functions.v1.OperationMetadataV1","target":"projects/samanthaclarke-portfolio/locations/us-central1/functions/helloWorld","type":"UPDATE_FUNCTION","request":{"@type":"type.googleapis.com/google.cloud.functions.v1.CloudFunction","name":"projects/samanthaclarke-portfolio/locations/us-central1/functions/helloWorld","httpsTrigger":{},"status":"ACTIVE","entryPoint":"helloWorld","timeout":"60s","availableMemoryMb":256,"serviceAccountEmail":"samanthaclarke-portfolio@appspot.gserviceaccount.com","updateTime":"2021-03-19T02:29:40.527Z","versionId":"1","labels":{"deployment-tool":"cli-firebase"},"sourceUploadUrl":"https://storage.googleapis.com/gcf-upload-us-central1-bd4e6713-d589-4669-815f-7966ba544101/ffce97f5-4893-456d-84aa-9f7493aacd1d.zip?GoogleAccessId=service-100508599802@gcf-admin-robot.iam.gserviceaccount.com&Expires=1616129912&Signature=OlHnF7vGnQqfX9d2N5yd84ZbuTyS9pd5vwXIf7TWJhUPE%2F9sAP%2F8WXo5HkJy9Nzpvl8WAOuIrDRefxI0gwjuDbV99zTqXtt1JwWxyHSexoADG%2BhcI62LnDPuXRNuyhQVV7YybK2O86D6vvb9TVu9nhOmq9vd%2Bft6UzHi0N5ywJWuTD%2BDJzLLHgLxY8H31%2B528lWFrzG02vjIrsU4l8JMj4C9ejJzfXNaw3pNxV3be%2FGsV%2BRAcGiWUEcXCGfjufcYrNeLLI8%2Fc46f3JX1%2FWb08BucsDogXYzUacqxyqG%2FfRWRz%2FIT7wBTgpjByBLTXCMZzMVa0HkjCz%2BrfLHOjDjTiA%3D%3D","environmentVariables":{"FIREBASE_CONFIG":"{\"projectId\":\"samanthaclarke-portfolio\",\"storageBucket\":\"samanthaclarke-portfolio.appspot.com\",\"locationId\":\"australia-southeast1\"}"},"runtime":"nodejs12","ingressSettings":"ALLOW_ALL","buildId":"42666076-034b-4805-87a7-e8ddcd1f683f","sourceToken":"386b4434-93aa-463c-bd4a-bd65f1554ad6"},"versionId":"2","updateTime":"2021-03-19T04:30:49Z","buildId":"a66ea6bc-04d6-40fa-8724-39819033723b","sourceToken":"386b4434-93aa-463c-bd4a-bd65f1554ad6"}}
[debug] [2021-03-19T04:30:52.616Z] [update-projects/samanthaclarke-portfolio/locations/us-central1/functions/helloWorld] Retrying task index 0
[debug] [2021-03-19T04:30:52.617Z] >>> [apiv2][query] GET https://cloudfunctions.googleapis.com/v1/operations/c2FtYW50aGFjbGFya2UtcG9ydGZvbGlvL3VzLWNlbnRyYWwxL2hlbGxvV29ybGQvLVJNV1lhUWktWTA [none]
[debug] [2021-03-19T04:30:53.206Z] <<< [apiv2][status] GET https://cloudfunctions.googleapis.com/v1/operations/c2FtYW50aGFjbGFya2UtcG9ydGZvbGlvL3VzLWNlbnRyYWwxL2hlbGxvV29ybGQvLVJNV1lhUWktWTA 200
[debug] [2021-03-19T04:30:53.207Z] <<< [apiv2][body] GET https://cloudfunctions.googleapis.com/v1/operations/c2FtYW50aGFjbGFya2UtcG9ydGZvbGlvL3VzLWNlbnRyYWwxL2hlbGxvV29ybGQvLVJNV1lhUWktWTA {"name":"operations/c2FtYW50aGFjbGFya2UtcG9ydGZvbGlvL3VzLWNlbnRyYWwxL2hlbGxvV29ybGQvLVJNV1lhUWktWTA","metadata":{"@type":"type.googleapis.com/google.cloud.functions.v1.OperationMetadataV1","target":"projects/samanthaclarke-portfolio/locations/us-central1/functions/helloWorld","type":"UPDATE_FUNCTION","request":{"@type":"type.googleapis.com/google.cloud.functions.v1.CloudFunction","name":"projects/samanthaclarke-portfolio/locations/us-central1/functions/helloWorld","httpsTrigger":{},"status":"ACTIVE","entryPoint":"helloWorld","timeout":"60s","availableMemoryMb":256,"serviceAccountEmail":"samanthaclarke-portfolio@appspot.gserviceaccount.com","updateTime":"2021-03-19T02:29:40.527Z","versionId":"1","labels":{"deployment-tool":"cli-firebase"},"sourceUploadUrl":"https://storage.googleapis.com/gcf-upload-us-central1-bd4e6713-d589-4669-815f-7966ba544101/ffce97f5-4893-456d-84aa-9f7493aacd1d.zip?GoogleAccessId=service-100508599802@gcf-admin-robot.iam.gserviceaccount.com&Expires=1616129912&Signature=OlHnF7vGnQqfX9d2N5yd84ZbuTyS9pd5vwXIf7TWJhUPE%2F9sAP%2F8WXo5HkJy9Nzpvl8WAOuIrDRefxI0gwjuDbV99zTqXtt1JwWxyHSexoADG%2BhcI62LnDPuXRNuyhQVV7YybK2O86D6vvb9TVu9nhOmq9vd%2Bft6UzHi0N5ywJWuTD%2BDJzLLHgLxY8H31%2B528lWFrzG02vjIrsU4l8JMj4C9ejJzfXNaw3pNxV3be%2FGsV%2BRAcGiWUEcXCGfjufcYrNeLLI8%2Fc46f3JX1%2FWb08BucsDogXYzUacqxyqG%2FfRWRz%2FIT7wBTgpjByBLTXCMZzMVa0HkjCz%2BrfLHOjDjTiA%3D%3D","environmentVariables":{"FIREBASE_CONFIG":"{\"projectId\":\"samanthaclarke-portfolio\",\"storageBucket\":\"samanthaclarke-portfolio.appspot.com\",\"locationId\":\"australia-southeast1\"}"},"runtime":"nodejs12","ingressSettings":"ALLOW_ALL","buildId":"42666076-034b-4805-87a7-e8ddcd1f683f","sourceToken":"386b4434-93aa-463c-bd4a-bd65f1554ad6"},"versionId":"2","updateTime":"2021-03-19T04:30:49Z","buildId":"a66ea6bc-04d6-40fa-8724-39819033723b","sourceToken":"386b4434-93aa-463c-bd4a-bd65f1554ad6"}}
[debug] [2021-03-19T04:30:55.207Z] [update-projects/samanthaclarke-portfolio/locations/us-central1/functions/helloWorld] Retrying task index 0
[debug] [2021-03-19T04:30:55.207Z] >>> [apiv2][query] GET https://cloudfunctions.googleapis.com/v1/operations/c2FtYW50aGFjbGFya2UtcG9ydGZvbGlvL3VzLWNlbnRyYWwxL2hlbGxvV29ybGQvLVJNV1lhUWktWTA [none]
[debug] [2021-03-19T04:30:55.802Z] <<< [apiv2][status] GET https://cloudfunctions.googleapis.com/v1/operations/c2FtYW50aGFjbGFya2UtcG9ydGZvbGlvL3VzLWNlbnRyYWwxL2hlbGxvV29ybGQvLVJNV1lhUWktWTA 200
[debug] [2021-03-19T04:30:55.802Z] <<< [apiv2][body] GET https://cloudfunctions.googleapis.com/v1/operations/c2FtYW50aGFjbGFya2UtcG9ydGZvbGlvL3VzLWNlbnRyYWwxL2hlbGxvV29ybGQvLVJNV1lhUWktWTA {"name":"operations/c2FtYW50aGFjbGFya2UtcG9ydGZvbGlvL3VzLWNlbnRyYWwxL2hlbGxvV29ybGQvLVJNV1lhUWktWTA","metadata":{"@type":"type.googleapis.com/google.cloud.functions.v1.OperationMetadataV1","target":"projects/samanthaclarke-portfolio/locations/us-central1/functions/helloWorld","type":"UPDATE_FUNCTION","request":{"@type":"type.googleapis.com/google.cloud.functions.v1.CloudFunction","name":"projects/samanthaclarke-portfolio/locations/us-central1/functions/helloWorld","httpsTrigger":{},"status":"ACTIVE","entryPoint":"helloWorld","timeout":"60s","availableMemoryMb":256,"serviceAccountEmail":"samanthaclarke-portfolio@appspot.gserviceaccount.com","updateTime":"2021-03-19T02:29:40.527Z","versionId":"1","labels":{"deployment-tool":"cli-firebase"},"sourceUploadUrl":"https://storage.googleapis.com/gcf-upload-us-central1-bd4e6713-d589-4669-815f-7966ba544101/ffce97f5-4893-456d-84aa-9f7493aacd1d.zip?GoogleAccessId=service-100508599802@gcf-admin-robot.iam.gserviceaccount.com&Expires=1616129912&Signature=OlHnF7vGnQqfX9d2N5yd84ZbuTyS9pd5vwXIf7TWJhUPE%2F9sAP%2F8WXo5HkJy9Nzpvl8WAOuIrDRefxI0gwjuDbV99zTqXtt1JwWxyHSexoADG%2BhcI62LnDPuXRNuyhQVV7YybK2O86D6vvb9TVu9nhOmq9vd%2Bft6UzHi0N5ywJWuTD%2BDJzLLHgLxY8H31%2B528lWFrzG02vjIrsU4l8JMj4C9ejJzfXNaw3pNxV3be%2FGsV%2BRAcGiWUEcXCGfjufcYrNeLLI8%2Fc46f3JX1%2FWb08BucsDogXYzUacqxyqG%2FfRWRz%2FIT7wBTgpjByBLTXCMZzMVa0HkjCz%2BrfLHOjDjTiA%3D%3D","environmentVariables":{"FIREBASE_CONFIG":"{\"projectId\":\"samanthaclarke-portfolio\",\"storageBucket\":\"samanthaclarke-portfolio.appspot.com\",\"locationId\":\"australia-southeast1\"}"},"runtime":"nodejs12","ingressSettings":"ALLOW_ALL","buildId":"42666076-034b-4805-87a7-e8ddcd1f683f","sourceToken":"386b4434-93aa-463c-bd4a-bd65f1554ad6"},"versionId":"2","updateTime":"2021-03-19T04:30:49Z","buildId":"a66ea6bc-04d6-40fa-8724-39819033723b","sourceToken":"386b4434-93aa-463c-bd4a-bd65f1554ad6"}}
[debug] [2021-03-19T04:30:59.803Z] [update-projects/samanthaclarke-portfolio/locations/us-central1/functions/helloWorld] Retrying task index 0
[debug] [2021-03-19T04:30:59.803Z] >>> [apiv2][query] GET https://cloudfunctions.googleapis.com/v1/operations/c2FtYW50aGFjbGFya2UtcG9ydGZvbGlvL3VzLWNlbnRyYWwxL2hlbGxvV29ybGQvLVJNV1lhUWktWTA [none]
[debug] [2021-03-19T04:31:00.480Z] <<< [apiv2][status] GET https://cloudfunctions.googleapis.com/v1/operations/c2FtYW50aGFjbGFya2UtcG9ydGZvbGlvL3VzLWNlbnRyYWwxL2hlbGxvV29ybGQvLVJNV1lhUWktWTA 200
[debug] [2021-03-19T04:31:00.480Z] <<< [apiv2][body] GET https://cloudfunctions.googleapis.com/v1/operations/c2FtYW50aGFjbGFya2UtcG9ydGZvbGlvL3VzLWNlbnRyYWwxL2hlbGxvV29ybGQvLVJNV1lhUWktWTA {"name":"operations/c2FtYW50aGFjbGFya2UtcG9ydGZvbGlvL3VzLWNlbnRyYWwxL2hlbGxvV29ybGQvLVJNV1lhUWktWTA","metadata":{"@type":"type.googleapis.com/google.cloud.functions.v1.OperationMetadataV1","target":"projects/samanthaclarke-portfolio/locations/us-central1/functions/helloWorld","type":"UPDATE_FUNCTION","request":{"@type":"type.googleapis.com/google.cloud.functions.v1.CloudFunction","name":"projects/samanthaclarke-portfolio/locations/us-central1/functions/helloWorld","httpsTrigger":{},"status":"ACTIVE","entryPoint":"helloWorld","timeout":"60s","availableMemoryMb":256,"serviceAccountEmail":"samanthaclarke-portfolio@appspot.gserviceaccount.com","updateTime":"2021-03-19T02:29:40.527Z","versionId":"1","labels":{"deployment-tool":"cli-firebase"},"sourceUploadUrl":"https://storage.googleapis.com/gcf-upload-us-central1-bd4e6713-d589-4669-815f-7966ba544101/ffce97f5-4893-456d-84aa-9f7493aacd1d.zip?GoogleAccessId=service-100508599802@gcf-admin-robot.iam.gserviceaccount.com&Expires=1616129912&Signature=OlHnF7vGnQqfX9d2N5yd84ZbuTyS9pd5vwXIf7TWJhUPE%2F9sAP%2F8WXo5HkJy9Nzpvl8WAOuIrDRefxI0gwjuDbV99zTqXtt1JwWxyHSexoADG%2BhcI62LnDPuXRNuyhQVV7YybK2O86D6vvb9TVu9nhOmq9vd%2Bft6UzHi0N5ywJWuTD%2BDJzLLHgLxY8H31%2B528lWFrzG02vjIrsU4l8JMj4C9ejJzfXNaw3pNxV3be%2FGsV%2BRAcGiWUEcXCGfjufcYrNeLLI8%2Fc46f3JX1%2FWb08BucsDogXYzUacqxyqG%2FfRWRz%2FIT7wBTgpjByBLTXCMZzMVa0HkjCz%2BrfLHOjDjTiA%3D%3D","environmentVariables":{"FIREBASE_CONFIG":"{\"projectId\":\"samanthaclarke-portfolio\",\"storageBucket\":\"samanthaclarke-portfolio.appspot.com\",\"locationId\":\"australia-southeast1\"}"},"runtime":"nodejs12","ingressSettings":"ALLOW_ALL","buildId":"42666076-034b-4805-87a7-e8ddcd1f683f","sourceToken":"386b4434-93aa-463c-bd4a-bd65f1554ad6"},"versionId":"2","updateTime":"2021-03-19T04:30:49Z","buildId":"a66ea6bc-04d6-40fa-8724-39819033723b","sourceToken":"386b4434-93aa-463c-bd4a-bd65f1554ad6"}}
